::1 - - [29/Dec/2019:18:24:25 +0000] "GET / HTTP/1.1" - - "-" "Mozilla/5.0 (Windows NT 10.0; Win64; x64) AppleWebKit/537.36 (KHTML, like Gecko) Chrome/79.0.3945.88 Safari/537.36"
::ffff:127.0.0.1 - - [29/Dec/2019:18:24:37 +0000] "GET / HTTP/1.1" - - "-" "Mozilla/5.0 (Windows NT 10.0; Win64; x64) AppleWebKit/537.36 (KHTML, like Gecko) Chrome/79.0.3945.88 Safari/537.36"
::1 - - [29/Dec/2019:18:24:41 +0000] "GET / HTTP/1.1" - - "-" "Mozilla/5.0 (Windows NT 10.0; Win64; x64) AppleWebKit/537.36 (KHTML, like Gecko) Chrome/79.0.3945.88 Safari/537.36"
::1 - - [29/Dec/2019:18:40:00 +0000] "GET / HTTP/1.1" - - "-" "Mozilla/5.0 (Windows NT 10.0; Win64; x64) AppleWebKit/537.36 (KHTML, like Gecko) Chrome/79.0.3945.88 Safari/537.36"
::1 - - [29/Dec/2019:21:00:12 +0000] "GET / HTTP/1.1" - - "-" "Mozilla/5.0 (Windows NT 10.0; Win64; x64) AppleWebKit/537.36 (KHTML, like Gecko) Chrome/79.0.3945.88 Safari/537.36"
::1 - - [30/Dec/2019:03:54:33 +0000] "GET / HTTP/1.1" - - "-" "Mozilla/5.0 (Windows NT 10.0; Win64; x64) AppleWebKit/537.36 (KHTML, like Gecko) Chrome/79.0.3945.88 Safari/537.36"
::1 - - [30/Dec/2019:12:12:54 +0000] "GET /%PUBLIC_URL%/manifest.json HTTP/1.1" 404 169 "http://localhost:3000/" "Mozilla/5.0 (Windows NT 10.0; Win64; x64) AppleWebKit/537.36 (KHTML, like Gecko) Chrome/79.0.3945.88 Safari/537.36"
::1 - - [30/Dec/2019:12:12:54 +0000] "GET /%PUBLIC_URL%/favicon.ico HTTP/1.1" 404 167 "http://localhost:3000/" "Mozilla/5.0 (Windows NT 10.0; Win64; x64) AppleWebKit/537.36 (KHTML, like Gecko) Chrome/79.0.3945.88 Safari/537.36"
::1 - - [30/Dec/2019:12:13:03 +0000] "GET /%PUBLIC_URL%/manifest.json HTTP/1.1" 404 169 "http://localhost:3000/" "Mozilla/5.0 (Windows NT 10.0; Win64; x64) AppleWebKit/537.36 (KHTML, like Gecko) Chrome/79.0.3945.88 Safari/537.36"
::1 - - [30/Dec/2019:12:13:40 +0000] "GET /%PUBLIC_URL%/manifest.json HTTP/1.1" 404 169 "http://localhost:3000/" "Mozilla/5.0 (Windows NT 10.0; Win64; x64) AppleWebKit/537.36 (KHTML, like Gecko) Chrome/79.0.3945.88 Safari/537.36"
::1 - - [30/Dec/2019:12:15:40 +0000] "GET /%PUBLIC_URL%/manifest.json HTTP/1.1" 404 169 "http://localhost:3000/" "Mozilla/5.0 (Windows NT 10.0; Win64; x64) AppleWebKit/537.36 (KHTML, like Gecko) Chrome/79.0.3945.88 Safari/537.36"
::1 - - [30/Dec/2019:12:15:47 +0000] "GET /%PUBLIC_URL%/manifest.json HTTP/1.1" 404 169 "http://localhost:3000/" "Mozilla/5.0 (Windows NT 10.0; Win64; x64) AppleWebKit/537.36 (KHTML, like Gecko) Chrome/79.0.3945.88 Safari/537.36"
::1 - - [30/Dec/2019:12:16:17 +0000] "GET /%PUBLIC_URL%/manifest.json HTTP/1.1" 404 169 "http://localhost:3000/" "Mozilla/5.0 (Windows NT 10.0; Win64; x64) AppleWebKit/537.36 (KHTML, like Gecko) Chrome/79.0.3945.88 Safari/537.36"
::1 - - [30/Dec/2019:12:16:48 +0000] "GET /%PUBLIC_URL%/manifest.json HTTP/1.1" 404 169 "http://localhost:3000/" "Mozilla/5.0 (Windows NT 10.0; Win64; x64) AppleWebKit/537.36 (KHTML, like Gecko) Chrome/79.0.3945.88 Safari/537.36"
::1 - - [30/Dec/2019:12:21:05 +0000] "GET /%PUBLIC_URL%/manifest.json HTTP/1.1" 404 169 "http://localhost:3000/" "Mozilla/5.0 (Windows NT 10.0; Win64; x64) AppleWebKit/537.36 (KHTML, like Gecko) Chrome/79.0.3945.88 Safari/537.36"
::1 - - [30/Dec/2019:12:21:07 +0000] "GET /%PUBLIC_URL%/manifest.json HTTP/1.1" 404 169 "http://localhost:3000/" "Mozilla/5.0 (Windows NT 10.0; Win64; x64) AppleWebKit/537.36 (KHTML, like Gecko) Chrome/79.0.3945.88 Safari/537.36"
::1 - - [30/Dec/2019:12:21:12 +0000] "GET /%PUBLIC_URL%/manifest.json HTTP/1.1" 404 169 "http://localhost:3000/" "Mozilla/5.0 (Windows NT 10.0; Win64; x64) AppleWebKit/537.36 (KHTML, like Gecko) Chrome/79.0.3945.88 Safari/537.36"
::1 - - [30/Dec/2019:12:21:46 +0000] "GET /%PUBLIC_URL%/manifest.json HTTP/1.1" 404 169 "http://localhost:3000/" "Mozilla/5.0 (Windows NT 10.0; Win64; x64) AppleWebKit/537.36 (KHTML, like Gecko) Chrome/79.0.3945.88 Safari/537.36"
::1 - - [30/Dec/2019:12:24:49 +0000] "GET /%PUBLIC_URL%/manifest.json HTTP/1.1" 404 169 "http://localhost:3000/" "Mozilla/5.0 (Windows NT 10.0; Win64; x64) AppleWebKit/537.36 (KHTML, like Gecko) Chrome/79.0.3945.88 Safari/537.36"
::1 - - [30/Dec/2019:12:26:04 +0000] "GET /%PUBLIC_URL%/manifest.json HTTP/1.1" 404 169 "http://localhost:3000/" "Mozilla/5.0 (Windows NT 10.0; Win64; x64) AppleWebKit/537.36 (KHTML, like Gecko) Chrome/79.0.3945.88 Safari/537.36"
::1 - - [30/Dec/2019:12:26:26 +0000] "GET /%PUBLIC_URL%/manifest.json HTTP/1.1" 404 169 "http://localhost:3000/" "Mozilla/5.0 (Windows NT 10.0; Win64; x64) AppleWebKit/537.36 (KHTML, like Gecko) Chrome/79.0.3945.88 Safari/537.36"
::1 - - [30/Dec/2019:12:27:00 +0000] "GET /%PUBLIC_URL%/manifest.json HTTP/1.1" 404 169 "http://localhost:3000/" "Mozilla/5.0 (Windows NT 10.0; Win64; x64) AppleWebKit/537.36 (KHTML, like Gecko) Chrome/79.0.3945.88 Safari/537.36"
::1 - - [30/Dec/2019:12:27:59 +0000] "GET /%PUBLIC_URL%/manifest.json HTTP/1.1" 404 169 "http://localhost:5000/" "Mozilla/5.0 (Windows NT 10.0; Win64; x64) AppleWebKit/537.36 (KHTML, like Gecko) Chrome/79.0.3945.88 Safari/537.36"
::1 - - [30/Dec/2019:12:27:59 +0000] "GET /%PUBLIC_URL%/favicon.ico HTTP/1.1" 404 167 "http://localhost:5000/" "Mozilla/5.0 (Windows NT 10.0; Win64; x64) AppleWebKit/537.36 (KHTML, like Gecko) Chrome/79.0.3945.88 Safari/537.36"
::1 - - [30/Dec/2019:12:28:59 +0000] "GET /%PUBLIC_URL%/manifest.json HTTP/1.1" 404 169 "http://localhost:5000/" "Mozilla/5.0 (Windows NT 10.0; Win64; x64) AppleWebKit/537.36 (KHTML, like Gecko) Chrome/79.0.3945.88 Safari/537.36"
::1 - - [30/Dec/2019:12:31:50 +0000] "GET /%PUBLIC_URL%/manifest.json HTTP/1.1" 404 169 "http://localhost:5000/" "Mozilla/5.0 (Windows NT 10.0; Win64; x64) AppleWebKit/537.36 (KHTML, like Gecko) Chrome/79.0.3945.88 Safari/537.36"
::1 - - [30/Dec/2019:12:32:13 +0000] "GET /%PUBLIC_URL%/manifest.json HTTP/1.1" 404 169 "http://localhost:5000/" "Mozilla/5.0 (Windows NT 10.0; Win64; x64) AppleWebKit/537.36 (KHTML, like Gecko) Chrome/79.0.3945.88 Safari/537.36"
::1 - - [30/Dec/2019:12:32:24 +0000] "GET /%PUBLIC_URL%/manifest.json HTTP/1.1" 404 169 "http://localhost:5000/" "Mozilla/5.0 (Windows NT 10.0; Win64; x64) AppleWebKit/537.36 (KHTML, like Gecko) Chrome/79.0.3945.88 Safari/537.36"
::1 - - [30/Dec/2019:12:32:25 +0000] "GET /%PUBLIC_URL%/manifest.json HTTP/1.1" 404 169 "http://localhost:5000/" "Mozilla/5.0 (Windows NT 10.0; Win64; x64) AppleWebKit/537.36 (KHTML, like Gecko) Chrome/79.0.3945.88 Safari/537.36"
::1 - - [30/Dec/2019:12:32:48 +0000] "GET /%PUBLIC_URL%/manifest.json HTTP/1.1" 404 169 "http://localhost:5000/" "Mozilla/5.0 (Windows NT 10.0; Win64; x64) AppleWebKit/537.36 (KHTML, like Gecko) Chrome/79.0.3945.88 Safari/537.36"
::1 - - [30/Dec/2019:12:33:15 +0000] "GET /%PUBLIC_URL%/manifest.json HTTP/1.1" 404 169 "http://localhost:5000/" "Mozilla/5.0 (Windows NT 10.0; Win64; x64) AppleWebKit/537.36 (KHTML, like Gecko) Chrome/79.0.3945.88 Safari/537.36"
::1 - - [30/Dec/2019:12:33:36 +0000] "GET /%PUBLIC_URL%/manifest.json HTTP/1.1" 404 169 "http://localhost:5000/" "Mozilla/5.0 (Windows NT 10.0; Win64; x64) AppleWebKit/537.36 (KHTML, like Gecko) Chrome/79.0.3945.88 Safari/537.36"
::1 - - [30/Dec/2019:12:35:15 +0000] "GET /%PUBLIC_URL%/manifest.json HTTP/1.1" 404 169 "http://localhost:5000/" "Mozilla/5.0 (Windows NT 10.0; Win64; x64) AppleWebKit/537.36 (KHTML, like Gecko) Chrome/79.0.3945.88 Safari/537.36"
::1 - - [30/Dec/2019:12:35:46 +0000] "GET / HTTP/1.1" 304 - "-" "Mozilla/5.0 (Windows NT 10.0; Win64; x64) AppleWebKit/537.36 (KHTML, like Gecko) Chrome/79.0.3945.88 Safari/537.36"
::1 - - [30/Dec/2019:12:35:47 +0000] "GET /%PUBLIC_URL%/manifest.json HTTP/1.1" 404 169 "http://localhost:5000/" "Mozilla/5.0 (Windows NT 10.0; Win64; x64) AppleWebKit/537.36 (KHTML, like Gecko) Chrome/79.0.3945.88 Safari/537.36"
::1 - - [30/Dec/2019:12:38:38 +0000] "GET /%PUBLIC_URL%/manifest.json HTTP/1.1" 404 169 "http://localhost:5000/" "Mozilla/5.0 (Windows NT 10.0; Win64; x64) AppleWebKit/537.36 (KHTML, like Gecko) Chrome/79.0.3945.88 Safari/537.36"
::1 - - [30/Dec/2019:12:44:38 +0000] "GET /%PUBLIC_URL%/manifest.json HTTP/1.1" 404 169 "http://localhost:5000/" "Mozilla/5.0 (Windows NT 10.0; Win64; x64) AppleWebKit/537.36 (KHTML, like Gecko) Chrome/79.0.3945.88 Safari/537.36"
::1 - - [30/Dec/2019:12:45:01 +0000] "GET / HTTP/1.1" 200 7 "-" "Mozilla/5.0 (Windows NT 10.0; Win64; x64) AppleWebKit/537.36 (KHTML, like Gecko) Chrome/79.0.3945.88 Safari/537.36"
::1 - - [30/Dec/2019:12:45:02 +0000] "GET /favicon.ico HTTP/1.1" 404 150 "http://localhost:5000/" "Mozilla/5.0 (Windows NT 10.0; Win64; x64) AppleWebKit/537.36 (KHTML, like Gecko) Chrome/79.0.3945.88 Safari/537.36"
::1 - - [30/Dec/2019:12:45:53 +0000] "GET / HTTP/1.1" 200 10 "-" "Mozilla/5.0 (Windows NT 10.0; Win64; x64) AppleWebKit/537.36 (KHTML, like Gecko) Chrome/79.0.3945.88 Safari/537.36"
::1 - - [30/Dec/2019:12:49:27 +0000] "GET / HTTP/1.1" 200 16 "-" "Mozilla/5.0 (Windows NT 10.0; Win64; x64) AppleWebKit/537.36 (KHTML, like Gecko) Chrome/79.0.3945.88 Safari/537.36"
::1 - - [30/Dec/2019:12:49:56 +0000] "GET / HTTP/1.1" 500 1559 "-" "Mozilla/5.0 (Windows NT 10.0; Win64; x64) AppleWebKit/537.36 (KHTML, like Gecko) Chrome/79.0.3945.88 Safari/537.36"
::1 - - [30/Dec/2019:12:50:11 +0000] "GET / HTTP/1.1" 500 1559 "-" "Mozilla/5.0 (Windows NT 10.0; Win64; x64) AppleWebKit/537.36 (KHTML, like Gecko) Chrome/79.0.3945.88 Safari/537.36"
::1 - - [30/Dec/2019:12:50:13 +0000] "GET / HTTP/1.1" 500 1559 "-" "Mozilla/5.0 (Windows NT 10.0; Win64; x64) AppleWebKit/537.36 (KHTML, like Gecko) Chrome/79.0.3945.88 Safari/537.36"
::1 - - [30/Dec/2019:12:50:16 +0000] "GET / HTTP/1.1" 500 1559 "-" "Mozilla/5.0 (Windows NT 10.0; Win64; x64) AppleWebKit/537.36 (KHTML, like Gecko) Chrome/79.0.3945.88 Safari/537.36"
::1 - - [30/Dec/2019:12:53:40 +0000] "GET /%PUBLIC_URL%/manifest.json HTTP/1.1" 404 169 "http://localhost:5000/" "Mozilla/5.0 (Windows NT 10.0; Win64; x64) AppleWebKit/537.36 (KHTML, like Gecko) Chrome/79.0.3945.88 Safari/537.36"
::1 - - [30/Dec/2019:12:53:41 +0000] "GET /%PUBLIC_URL%/manifest.json HTTP/1.1" 404 169 "http://localhost:5000/" "Mozilla/5.0 (Windows NT 10.0; Win64; x64) AppleWebKit/537.36 (KHTML, like Gecko) Chrome/79.0.3945.88 Safari/537.36"
::1 - - [30/Dec/2019:12:53:43 +0000] "GET /%PUBLIC_URL%/manifest.json HTTP/1.1" 404 169 "http://localhost:5000/" "Mozilla/5.0 (Windows NT 10.0; Win64; x64) AppleWebKit/537.36 (KHTML, like Gecko) Chrome/79.0.3945.88 Safari/537.36"
::1 - - [30/Dec/2019:12:54:28 +0000] "GET /%PUBLIC_URL%/manifest.json HTTP/1.1" 404 169 "http://localhost:5000/" "Mozilla/5.0 (Windows NT 10.0; Win64; x64) AppleWebKit/537.36 (KHTML, like Gecko) Chrome/79.0.3945.88 Safari/537.36"
::1 - - [30/Dec/2019:12:57:01 +0000] "GET /%PUBLIC_URL%/manifest.json HTTP/1.1" 404 169 "http://localhost:5000/" "Mozilla/5.0 (Windows NT 10.0; Win64; x64) AppleWebKit/537.36 (KHTML, like Gecko) Chrome/79.0.3945.88 Safari/537.36"
::1 - - [30/Dec/2019:12:57:19 +0000] "GET /%PUBLIC_URL%/manifest.json HTTP/1.1" 404 169 "http://localhost:5000/" "Mozilla/5.0 (Windows NT 10.0; Win64; x64) AppleWebKit/537.36 (KHTML, like Gecko) Chrome/79.0.3945.88 Safari/537.36"
::1 - - [30/Dec/2019:12:57:42 +0000] "GET /%PUBLIC_URL%/manifest.json HTTP/1.1" 404 169 "http://localhost:5000/" "Mozilla/5.0 (Windows NT 10.0; Win64; x64) AppleWebKit/537.36 (KHTML, like Gecko) Chrome/79.0.3945.88 Safari/537.36"
::1 - - [30/Dec/2019:13:26:55 +0000] "GET / HTTP/1.1" 404 139 "-" "Mozilla/5.0 (Windows NT 10.0; Win64; x64) AppleWebKit/537.36 (KHTML, like Gecko) Chrome/79.0.3945.88 Safari/537.36"
::1 - - [30/Dec/2019:13:27:13 +0000] "GET /%PUBLIC_URL%/manifest.json HTTP/1.1" 404 169 "http://localhost:5000/" "Mozilla/5.0 (Windows NT 10.0; Win64; x64) AppleWebKit/537.36 (KHTML, like Gecko) Chrome/79.0.3945.88 Safari/537.36"
::1 - - [30/Dec/2019:13:29:37 +0000] "GET /%PUBLIC_URL%/manifest.json HTTP/1.1" 404 169 "http://localhost:5000/" "Mozilla/5.0 (Windows NT 10.0; Win64; x64) AppleWebKit/537.36 (KHTML, like Gecko) Chrome/79.0.3945.88 Safari/537.36"
::1 - - [30/Dec/2019:13:30:10 +0000] "GET /%PUBLIC_URL%/manifest.json HTTP/1.1" 404 169 "http://localhost:5000/" "Mozilla/5.0 (Windows NT 10.0; Win64; x64) AppleWebKit/537.36 (KHTML, like Gecko) Chrome/79.0.3945.88 Safari/537.36"
::1 - - [30/Dec/2019:13:30:22 +0000] "GET /%PUBLIC_URL%/manifest.json HTTP/1.1" 404 169 "http://localhost:5000/" "Mozilla/5.0 (Windows NT 10.0; Win64; x64) AppleWebKit/537.36 (KHTML, like Gecko) Chrome/79.0.3945.88 Safari/537.36"
::1 - - [30/Dec/2019:13:30:33 +0000] "GET /%PUBLIC_URL%/manifest.json HTTP/1.1" 404 169 "http://localhost:5000/" "Mozilla/5.0 (Windows NT 10.0; Win64; x64) AppleWebKit/537.36 (KHTML, like Gecko) Chrome/79.0.3945.88 Safari/537.36"
::1 - - [30/Dec/2019:13:31:08 +0000] "GET /%PUBLIC_URL%/manifest.json HTTP/1.1" 404 169 "http://localhost:5000/" "Mozilla/5.0 (Windows NT 10.0; Win64; x64) AppleWebKit/537.36 (KHTML, like Gecko) Chrome/79.0.3945.88 Safari/537.36"
::1 - - [30/Dec/2019:13:31:22 +0000] "GET /%PUBLIC_URL%/manifest.json HTTP/1.1" 404 169 "http://localhost:5000/" "Mozilla/5.0 (Windows NT 10.0; Win64; x64) AppleWebKit/537.36 (KHTML, like Gecko) Chrome/79.0.3945.88 Safari/537.36"
::1 - - [30/Dec/2019:13:31:34 +0000] "GET / HTTP/1.1" 500 1559 "-" "Mozilla/5.0 (Windows NT 10.0; Win64; x64) AppleWebKit/537.36 (KHTML, like Gecko) Chrome/79.0.3945.88 Safari/537.36"
::1 - - [30/Dec/2019:13:32:43 +0000] "GET / HTTP/1.1" 500 1559 "-" "Mozilla/5.0 (Windows NT 10.0; Win64; x64) AppleWebKit/537.36 (KHTML, like Gecko) Chrome/79.0.3945.88 Safari/537.36"
::1 - - [30/Dec/2019:13:32:54 +0000] "GET / HTTP/1.1" 500 1559 "-" "Mozilla/5.0 (Windows NT 10.0; Win64; x64) AppleWebKit/537.36 (KHTML, like Gecko) Chrome/79.0.3945.88 Safari/537.36"
::1 - - [30/Dec/2019:13:32:55 +0000] "GET / HTTP/1.1" 500 1559 "-" "Mozilla/5.0 (Windows NT 10.0; Win64; x64) AppleWebKit/537.36 (KHTML, like Gecko) Chrome/79.0.3945.88 Safari/537.36"
::1 - - [30/Dec/2019:13:32:56 +0000] "GET / HTTP/1.1" 500 1559 "-" "Mozilla/5.0 (Windows NT 10.0; Win64; x64) AppleWebKit/537.36 (KHTML, like Gecko) Chrome/79.0.3945.88 Safari/537.36"
::1 - - [30/Dec/2019:13:33:15 +0000] "GET / HTTP/1.1" 500 1559 "-" "Mozilla/5.0 (Windows NT 10.0; Win64; x64) AppleWebKit/537.36 (KHTML, like Gecko) Chrome/79.0.3945.88 Safari/537.36"
::1 - - [30/Dec/2019:13:33:16 +0000] "GET / HTTP/1.1" 500 1559 "-" "Mozilla/5.0 (Windows NT 10.0; Win64; x64) AppleWebKit/537.36 (KHTML, like Gecko) Chrome/79.0.3945.88 Safari/537.36"
::1 - - [30/Dec/2019:13:33:31 +0000] "GET / HTTP/1.1" 500 1559 "-" "Mozilla/5.0 (Windows NT 10.0; Win64; x64) AppleWebKit/537.36 (KHTML, like Gecko) Chrome/79.0.3945.88 Safari/537.36"
::1 - - [30/Dec/2019:13:33:32 +0000] "GET / HTTP/1.1" 500 1559 "-" "Mozilla/5.0 (Windows NT 10.0; Win64; x64) AppleWebKit/537.36 (KHTML, like Gecko) Chrome/79.0.3945.88 Safari/537.36"
::1 - - [30/Dec/2019:13:33:43 +0000] "GET / HTTP/1.1" 404 139 "-" "Mozilla/5.0 (Windows NT 10.0; Win64; x64) AppleWebKit/537.36 (KHTML, like Gecko) Chrome/79.0.3945.88 Safari/537.36"
::1 - - [30/Dec/2019:13:33:44 +0000] "GET / HTTP/1.1" 404 139 "-" "Mozilla/5.0 (Windows NT 10.0; Win64; x64) AppleWebKit/537.36 (KHTML, like Gecko) Chrome/79.0.3945.88 Safari/537.36"
::1 - - [30/Dec/2019:13:34:22 +0000] "GET / HTTP/1.1" 404 260 "-" "Mozilla/5.0 (Windows NT 10.0; Win64; x64) AppleWebKit/537.36 (KHTML, like Gecko) Chrome/79.0.3945.88 Safari/537.36"
::1 - - [30/Dec/2019:13:34:24 +0000] "GET / HTTP/1.1" 404 260 "-" "Mozilla/5.0 (Windows NT 10.0; Win64; x64) AppleWebKit/537.36 (KHTML, like Gecko) Chrome/79.0.3945.88 Safari/537.36"
::1 - - [30/Dec/2019:13:34:38 +0000] "GET / HTTP/1.1" 404 267 "-" "Mozilla/5.0 (Windows NT 10.0; Win64; x64) AppleWebKit/537.36 (KHTML, like Gecko) Chrome/79.0.3945.88 Safari/537.36"
::1 - - [30/Dec/2019:13:34:54 +0000] "GET / HTTP/1.1" 404 260 "-" "Mozilla/5.0 (Windows NT 10.0; Win64; x64) AppleWebKit/537.36 (KHTML, like Gecko) Chrome/79.0.3945.88 Safari/537.36"
::1 - - [30/Dec/2019:13:35:12 +0000] "GET / HTTP/1.1" 404 260 "-" "Mozilla/5.0 (Windows NT 10.0; Win64; x64) AppleWebKit/537.36 (KHTML, like Gecko) Chrome/79.0.3945.88 Safari/537.36"
::1 - - [30/Dec/2019:13:35:24 +0000] "GET / HTTP/1.1" 200 2331 "-" "Mozilla/5.0 (Windows NT 10.0; Win64; x64) AppleWebKit/537.36 (KHTML, like Gecko) Chrome/79.0.3945.88 Safari/537.36"
::1 - - [30/Dec/2019:13:35:25 +0000] "GET /%PUBLIC_URL%/manifest.json HTTP/1.1" 404 169 "http://localhost:5000/" "Mozilla/5.0 (Windows NT 10.0; Win64; x64) AppleWebKit/537.36 (KHTML, like Gecko) Chrome/79.0.3945.88 Safari/537.36"
::1 - - [30/Dec/2019:13:37:19 +0000] "GET / HTTP/1.1" 304 - "-" "Mozilla/5.0 (Windows NT 10.0; Win64; x64) AppleWebKit/537.36 (KHTML, like Gecko) Chrome/79.0.3945.88 Safari/537.36"
::1 - - [30/Dec/2019:13:37:19 +0000] "GET /%PUBLIC_URL%/manifest.json HTTP/1.1" 404 169 "http://localhost:5000/" "Mozilla/5.0 (Windows NT 10.0; Win64; x64) AppleWebKit/537.36 (KHTML, like Gecko) Chrome/79.0.3945.88 Safari/537.36"
::1 - - [30/Dec/2019:13:37:58 +0000] "GET / HTTP/1.1" 304 - "-" "Mozilla/5.0 (Windows NT 10.0; Win64; x64) AppleWebKit/537.36 (KHTML, like Gecko) Chrome/79.0.3945.88 Safari/537.36"
::1 - - [30/Dec/2019:13:37:58 +0000] "GET /%PUBLIC_URL%/manifest.json HTTP/1.1" 404 169 "http://localhost:5000/" "Mozilla/5.0 (Windows NT 10.0; Win64; x64) AppleWebKit/537.36 (KHTML, like Gecko) Chrome/79.0.3945.88 Safari/537.36"
::1 - - [30/Dec/2019:14:12:20 +0000] "GET / HTTP/1.1" 200 2521 "-" "Mozilla/5.0 (Windows NT 10.0; Win64; x64) AppleWebKit/537.36 (KHTML, like Gecko) Chrome/79.0.3945.88 Safari/537.36"
::1 - - [30/Dec/2019:14:12:20 +0000] "GET /simfba-interface/static/css/main.82035141.chunk.css HTTP/1.1" 404 190 "http://localhost:5000/" "Mozilla/5.0 (Windows NT 10.0; Win64; x64) AppleWebKit/537.36 (KHTML, like Gecko) Chrome/79.0.3945.88 Safari/537.36"
::1 - - [30/Dec/2019:14:12:20 +0000] "GET /simfba-interface/static/js/2.917331f3.chunk.js HTTP/1.1" 404 185 "http://localhost:5000/" "Mozilla/5.0 (Windows NT 10.0; Win64; x64) AppleWebKit/537.36 (KHTML, like Gecko) Chrome/79.0.3945.88 Safari/537.36"
::1 - - [30/Dec/2019:14:12:20 +0000] "GET /simfba-interface/static/js/main.ee671a80.chunk.js HTTP/1.1" 404 188 "http://localhost:5000/" "Mozilla/5.0 (Windows NT 10.0; Win64; x64) AppleWebKit/537.36 (KHTML, like Gecko) Chrome/79.0.3945.88 Safari/537.36"
::1 - - [30/Dec/2019:14:12:20 +0000] "GET /simfba-interface/static/js/2.917331f3.chunk.js HTTP/1.1" 404 185 "http://localhost:5000/" "Mozilla/5.0 (Windows NT 10.0; Win64; x64) AppleWebKit/537.36 (KHTML, like Gecko) Chrome/79.0.3945.88 Safari/537.36"
::1 - - [30/Dec/2019:14:12:20 +0000] "GET /simfba-interface/static/js/main.ee671a80.chunk.js HTTP/1.1" 404 188 "http://localhost:5000/" "Mozilla/5.0 (Windows NT 10.0; Win64; x64) AppleWebKit/537.36 (KHTML, like Gecko) Chrome/79.0.3945.88 Safari/537.36"
::1 - - [30/Dec/2019:14:12:21 +0000] "GET /simfba-interface/manifest.json HTTP/1.1" 404 169 "http://localhost:5000/" "Mozilla/5.0 (Windows NT 10.0; Win64; x64) AppleWebKit/537.36 (KHTML, like Gecko) Chrome/79.0.3945.88 Safari/537.36"
::1 - - [30/Dec/2019:14:12:21 +0000] "GET /simfba-interface/favicon.ico HTTP/1.1" 404 167 "http://localhost:5000/" "Mozilla/5.0 (Windows NT 10.0; Win64; x64) AppleWebKit/537.36 (KHTML, like Gecko) Chrome/79.0.3945.88 Safari/537.36"
::1 - - [30/Dec/2019:14:12:39 +0000] "GET / HTTP/1.1" 304 - "-" "Mozilla/5.0 (Windows NT 10.0; Win64; x64) AppleWebKit/537.36 (KHTML, like Gecko) Chrome/79.0.3945.88 Safari/537.36"
::1 - - [30/Dec/2019:14:12:39 +0000] "GET /simfba-interface/static/css/main.82035141.chunk.css HTTP/1.1" 404 190 "http://localhost:5000/" "Mozilla/5.0 (Windows NT 10.0; Win64; x64) AppleWebKit/537.36 (KHTML, like Gecko) Chrome/79.0.3945.88 Safari/537.36"
::1 - - [30/Dec/2019:14:12:39 +0000] "GET /simfba-interface/static/js/2.917331f3.chunk.js HTTP/1.1" 404 185 "http://localhost:5000/" "Mozilla/5.0 (Windows NT 10.0; Win64; x64) AppleWebKit/537.36 (KHTML, like Gecko) Chrome/79.0.3945.88 Safari/537.36"
::1 - - [30/Dec/2019:14:12:39 +0000] "GET /simfba-interface/static/js/main.ee671a80.chunk.js HTTP/1.1" 404 188 "http://localhost:5000/" "Mozilla/5.0 (Windows NT 10.0; Win64; x64) AppleWebKit/537.36 (KHTML, like Gecko) Chrome/79.0.3945.88 Safari/537.36"
::1 - - [30/Dec/2019:14:12:40 +0000] "GET /simfba-interface/static/js/2.917331f3.chunk.js HTTP/1.1" 404 185 "http://localhost:5000/" "Mozilla/5.0 (Windows NT 10.0; Win64; x64) AppleWebKit/537.36 (KHTML, like Gecko) Chrome/79.0.3945.88 Safari/537.36"
::1 - - [30/Dec/2019:14:12:40 +0000] "GET /simfba-interface/static/js/main.ee671a80.chunk.js HTTP/1.1" 404 188 "http://localhost:5000/" "Mozilla/5.0 (Windows NT 10.0; Win64; x64) AppleWebKit/537.36 (KHTML, like Gecko) Chrome/79.0.3945.88 Safari/537.36"
::1 - - [30/Dec/2019:14:12:40 +0000] "GET /simfba-interface/manifest.json HTTP/1.1" 404 169 "http://localhost:5000/" "Mozilla/5.0 (Windows NT 10.0; Win64; x64) AppleWebKit/537.36 (KHTML, like Gecko) Chrome/79.0.3945.88 Safari/537.36"
::1 - - [30/Dec/2019:14:12:54 +0000] "GET /simfba-interface/static/css/main.82035141.chunk.css HTTP/1.1" 404 190 "http://localhost:5000/" "Mozilla/5.0 (Windows NT 10.0; Win64; x64) AppleWebKit/537.36 (KHTML, like Gecko) Chrome/79.0.3945.88 Safari/537.36"
::1 - - [30/Dec/2019:14:13:48 +0000] "GET / HTTP/1.1" 200 2331 "-" "Mozilla/5.0 (Windows NT 10.0; Win64; x64) AppleWebKit/537.36 (KHTML, like Gecko) Chrome/79.0.3945.88 Safari/537.36"
::1 - - [30/Dec/2019:14:13:49 +0000] "GET /%PUBLIC_URL%/manifest.json HTTP/1.1" 404 169 "http://localhost:5000/" "Mozilla/5.0 (Windows NT 10.0; Win64; x64) AppleWebKit/537.36 (KHTML, like Gecko) Chrome/79.0.3945.88 Safari/537.36"
::1 - - [30/Dec/2019:14:15:12 +0000] "GET / HTTP/1.1" 200 2349 "-" "Mozilla/5.0 (Windows NT 10.0; Win64; x64) AppleWebKit/537.36 (KHTML, like Gecko) Chrome/79.0.3945.88 Safari/537.36"
::1 - - [30/Dec/2019:14:17:37 +0000] "GET / HTTP/1.1" 304 - "-" "Mozilla/5.0 (Windows NT 10.0; Win64; x64) AppleWebKit/537.36 (KHTML, like Gecko) Chrome/79.0.3945.88 Safari/537.36"
::1 - - [30/Dec/2019:14:20:24 +0000] "GET / HTTP/1.1" 200 2416 "-" "Mozilla/5.0 (Windows NT 10.0; Win64; x64) AppleWebKit/537.36 (KHTML, like Gecko) Chrome/79.0.3945.88 Safari/537.36"
::1 - - [30/Dec/2019:14:20:25 +0000] "GET /src/index.js HTTP/1.1" 404 151 "http://localhost:5000/" "Mozilla/5.0 (Windows NT 10.0; Win64; x64) AppleWebKit/537.36 (KHTML, like Gecko) Chrome/79.0.3945.88 Safari/537.36"
::1 - - [30/Dec/2019:14:20:40 +0000] "GET / HTTP/1.1" 304 - "-" "Mozilla/5.0 (Windows NT 10.0; Win64; x64) AppleWebKit/537.36 (KHTML, like Gecko) Chrome/79.0.3945.88 Safari/537.36"
::1 - - [30/Dec/2019:14:20:40 +0000] "GET /src/index.js HTTP/1.1" 404 151 "http://localhost:5000/" "Mozilla/5.0 (Windows NT 10.0; Win64; x64) AppleWebKit/537.36 (KHTML, like Gecko) Chrome/79.0.3945.88 Safari/537.36"
::1 - - [30/Dec/2019:14:23:13 +0000] "GET / HTTP/1.1" 200 2392 "-" "Mozilla/5.0 (Windows NT 10.0; Win64; x64) AppleWebKit/537.36 (KHTML, like Gecko) Chrome/79.0.3945.88 Safari/537.36"
::1 - - [30/Dec/2019:14:23:13 +0000] "GET /simfba-interface/static/js/2.dcd3fe01.chunk.js HTTP/1.1" 404 185 "http://localhost:5000/" "Mozilla/5.0 (Windows NT 10.0; Win64; x64) AppleWebKit/537.36 (KHTML, like Gecko) Chrome/79.0.3945.88 Safari/537.36"
::1 - - [30/Dec/2019:14:23:13 +0000] "GET /simfba-interface/static/css/main.82035141.chunk.css HTTP/1.1" 404 190 "http://localhost:5000/" "Mozilla/5.0 (Windows NT 10.0; Win64; x64) AppleWebKit/537.36 (KHTML, like Gecko) Chrome/79.0.3945.88 Safari/537.36"
::1 - - [30/Dec/2019:14:23:13 +0000] "GET /simfba-interface/static/js/main.f0fbe968.chunk.js HTTP/1.1" 404 188 "http://localhost:5000/" "Mozilla/5.0 (Windows NT 10.0; Win64; x64) AppleWebKit/537.36 (KHTML, like Gecko) Chrome/79.0.3945.88 Safari/537.36"
::1 - - [30/Dec/2019:14:23:13 +0000] "GET /simfba-interface/static/js/2.dcd3fe01.chunk.js HTTP/1.1" 404 185 "http://localhost:5000/" "Mozilla/5.0 (Windows NT 10.0; Win64; x64) AppleWebKit/537.36 (KHTML, like Gecko) Chrome/79.0.3945.88 Safari/537.36"
::1 - - [30/Dec/2019:14:23:13 +0000] "GET /simfba-interface/static/js/main.f0fbe968.chunk.js HTTP/1.1" 404 188 "http://localhost:5000/" "Mozilla/5.0 (Windows NT 10.0; Win64; x64) AppleWebKit/537.36 (KHTML, like Gecko) Chrome/79.0.3945.88 Safari/537.36"
::1 - - [30/Dec/2019:14:24:46 +0000] "GET / HTTP/1.1" 304 - "-" "Mozilla/5.0 (Windows NT 10.0; Win64; x64) AppleWebKit/537.36 (KHTML, like Gecko) Chrome/79.0.3945.88 Safari/537.36"
::1 - - [30/Dec/2019:14:24:46 +0000] "GET /simfba-interface/static/css/main.82035141.chunk.css HTTP/1.1" 404 190 "http://localhost:5000/" "Mozilla/5.0 (Windows NT 10.0; Win64; x64) AppleWebKit/537.36 (KHTML, like Gecko) Chrome/79.0.3945.88 Safari/537.36"
::1 - - [30/Dec/2019:14:24:46 +0000] "GET /simfba-interface/static/js/2.dcd3fe01.chunk.js HTTP/1.1" 404 185 "http://localhost:5000/" "Mozilla/5.0 (Windows NT 10.0; Win64; x64) AppleWebKit/537.36 (KHTML, like Gecko) Chrome/79.0.3945.88 Safari/537.36"
::1 - - [30/Dec/2019:14:24:46 +0000] "GET /simfba-interface/static/js/main.f0fbe968.chunk.js HTTP/1.1" 404 188 "http://localhost:5000/" "Mozilla/5.0 (Windows NT 10.0; Win64; x64) AppleWebKit/537.36 (KHTML, like Gecko) Chrome/79.0.3945.88 Safari/537.36"
::1 - - [30/Dec/2019:14:24:47 +0000] "GET /simfba-interface/static/js/2.dcd3fe01.chunk.js HTTP/1.1" 404 185 "http://localhost:5000/" "Mozilla/5.0 (Windows NT 10.0; Win64; x64) AppleWebKit/537.36 (KHTML, like Gecko) Chrome/79.0.3945.88 Safari/537.36"
::1 - - [30/Dec/2019:14:24:47 +0000] "GET /simfba-interface/static/js/main.f0fbe968.chunk.js HTTP/1.1" 404 188 "http://localhost:5000/" "Mozilla/5.0 (Windows NT 10.0; Win64; x64) AppleWebKit/537.36 (KHTML, like Gecko) Chrome/79.0.3945.88 Safari/537.36"
::1 - - [30/Dec/2019:14:24:56 +0000] "GET / HTTP/1.1" 200 2349 "-" "Mozilla/5.0 (Windows NT 10.0; Win64; x64) AppleWebKit/537.36 (KHTML, like Gecko) Chrome/79.0.3945.88 Safari/537.36"
::1 - - [30/Dec/2019:14:39:53 +0000] "GET / HTTP/1.1" 404 139 "-" "Mozilla/5.0 (Windows NT 10.0; Win64; x64) AppleWebKit/537.36 (KHTML, like Gecko) Chrome/79.0.3945.88 Safari/537.36"
::1 - - [30/Dec/2019:14:40:58 +0000] "GET / HTTP/1.1" 404 139 "-" "Mozilla/5.0 (Windows NT 10.0; Win64; x64) AppleWebKit/537.36 (KHTML, like Gecko) Chrome/79.0.3945.88 Safari/537.36"
::1 - - [30/Dec/2019:14:41:51 +0000] "GET / HTTP/1.1" 404 139 "-" "Mozilla/5.0 (Windows NT 10.0; Win64; x64) AppleWebKit/537.36 (KHTML, like Gecko) Chrome/79.0.3945.88 Safari/537.36"
::1 - - [30/Dec/2019:14:41:52 +0000] "GET / HTTP/1.1" 404 139 "-" "Mozilla/5.0 (Windows NT 10.0; Win64; x64) AppleWebKit/537.36 (KHTML, like Gecko) Chrome/79.0.3945.88 Safari/537.36"
::1 - - [30/Dec/2019:14:46:54 +0000] "GET / HTTP/1.1" 404 139 "-" "Mozilla/5.0 (Windows NT 10.0; Win64; x64) AppleWebKit/537.36 (KHTML, like Gecko) Chrome/79.0.3945.88 Safari/537.36"
::1 - - [30/Dec/2019:14:46:55 +0000] "GET / HTTP/1.1" 404 139 "-" "Mozilla/5.0 (Windows NT 10.0; Win64; x64) AppleWebKit/537.36 (KHTML, like Gecko) Chrome/79.0.3945.88 Safari/537.36"
::1 - - [30/Dec/2019:14:52:06 +0000] "GET / HTTP/1.1" 404 139 "-" "Mozilla/5.0 (Windows NT 10.0; Win64; x64) AppleWebKit/537.36 (KHTML, like Gecko) Chrome/79.0.3945.88 Safari/537.36"
::1 - - [30/Dec/2019:14:52:13 +0000] "GET / HTTP/1.1" 200 2349 "-" "Mozilla/5.0 (Windows NT 10.0; Win64; x64) AppleWebKit/537.36 (KHTML, like Gecko) Chrome/79.0.3945.88 Safari/537.36"
::1 - - [30/Dec/2019:14:52:14 +0000] "GET / HTTP/1.1" 304 - "-" "Mozilla/5.0 (Windows NT 10.0; Win64; x64) AppleWebKit/537.36 (KHTML, like Gecko) Chrome/79.0.3945.88 Safari/537.36"
::1 - - [30/Dec/2019:15:02:14 +0000] "GET / HTTP/1.1" 304 - "-" "Mozilla/5.0 (Windows NT 10.0; Win64; x64) AppleWebKit/537.36 (KHTML, like Gecko) Chrome/79.0.3945.88 Safari/537.36"
